<?xml version="1.0" encoding="UTF-8"?>
<!-- Generated by org.testng.reporters.JUnitReportReporter -->
<testsuite hostname="LAPTOP-T3PLNMVP" failures="0" tests="1" name="testng_practice.TestNg_cls1" time="0.009" errors="0" timestamp="2024-01-07T20:49:56 IST" skipped="0">
  <testcase classname="testng_practice.TestNg_cls1" name="f" time="0.009"/>
  <system-out/>
</testsuite> <!-- testng_practice.TestNg_cls1 -->
